<?xml version="1.0" encoding="UTF-8"?>
<!-- Generated by org.testng.reporters.JUnitXMLReporter -->
<testsuite ignored="4" hostname="nyaaw" failures="8" tests="8" name="Surefire test" time="3.356" errors="0" timestamp="06 Feb 2025 15:22:06 GMT">
  <testcase classname="com.arz.opencart.HomePageTest" name="homePageTitleTest" time="0.001">
    <failure type="java.lang.NullPointerException" message="Cannot invoke &amp;quot;com.arz.opencart.pages.HomePage.getHomePageTitle()&amp;quot; because &amp;quot;this.homePage&amp;quot; is null">
      <![CDATA[java.lang.NullPointerException: Cannot invoke "com.arz.opencart.pages.HomePage.getHomePageTitle()" because "this.homePage" is null
at com.arz.opencart.HomePageTest.homePageTitleTest(HomePageTest.java:22)
... Removed 30 stack frames]]>
    </failure>
  </testcase> <!-- homePageTitleTest -->
  <testcase classname="com.arz.opencart.HomePageTest" name="homePageUrlTest" time="0.001">
    <failure type="java.lang.NullPointerException" message="Cannot invoke &amp;quot;com.arz.opencart.pages.HomePage.getHomePageURL()&amp;quot; because &amp;quot;this.homePage&amp;quot; is null">
      <![CDATA[java.lang.NullPointerException: Cannot invoke "com.arz.opencart.pages.HomePage.getHomePageURL()" because "this.homePage" is null
at com.arz.opencart.HomePageTest.homePageUrlTest(HomePageTest.java:28)
... Removed 30 stack frames]]>
    </failure>
  </testcase> <!-- homePageUrlTest -->
  <testcase classname="com.arz.opencart.HomePageTest" name="searchTest" time="0.0">
    <failure type="java.lang.NullPointerException" message="Cannot invoke &amp;quot;com.arz.opencart.pages.HomePage.doSearch(String)&amp;quot; because &amp;quot;this.homePage&amp;quot; is null">
      <![CDATA[java.lang.NullPointerException: Cannot invoke "com.arz.opencart.pages.HomePage.doSearch(String)" because "this.homePage" is null
at com.arz.opencart.HomePageTest.searchTest(HomePageTest.java:34)
... Removed 30 stack frames]]>
    </failure>
  </testcase> <!-- searchTest -->
  <testcase classname="com.arz.opencart.HomePageTest" name="searchTest" time="0.0">
    <failure type="java.lang.NullPointerException" message="Cannot invoke &amp;quot;com.arz.opencart.pages.HomePage.doSearch(String)&amp;quot; because &amp;quot;this.homePage&amp;quot; is null">
      <![CDATA[java.lang.NullPointerException: Cannot invoke "com.arz.opencart.pages.HomePage.doSearch(String)" because "this.homePage" is null
at com.arz.opencart.HomePageTest.searchTest(HomePageTest.java:34)
... Removed 30 stack frames]]>
    </failure>
  </testcase> <!-- searchTest -->
  <testcase classname="com.arz.opencart.HomePageTest" name="searchTest" time="0.0">
    <failure type="java.lang.NullPointerException" message="Cannot invoke &amp;quot;com.arz.opencart.pages.HomePage.doSearch(String)&amp;quot; because &amp;quot;this.homePage&amp;quot; is null">
      <![CDATA[java.lang.NullPointerException: Cannot invoke "com.arz.opencart.pages.HomePage.doSearch(String)" because "this.homePage" is null
at com.arz.opencart.HomePageTest.searchTest(HomePageTest.java:34)
... Removed 30 stack frames]]>
    </failure>
  </testcase> <!-- searchTest -->
  <testcase classname="com.arz.opencart.LoginPageTest" name="loginPageNavigationTest" time="0.001">
    <failure type="java.lang.NullPointerException" message="Cannot invoke &amp;quot;com.arz.opencart.pages.HomePage.navigateToLoginPage()&amp;quot; because &amp;quot;this.homePage&amp;quot; is null">
      <![CDATA[java.lang.NullPointerException: Cannot invoke "com.arz.opencart.pages.HomePage.navigateToLoginPage()" because "this.homePage" is null
at com.arz.opencart.LoginPageTest.loginPageNavigationTest(LoginPageTest.java:12)
... Removed 30 stack frames]]>
    </failure>
  </testcase> <!-- loginPageNavigationTest -->
  <testcase classname="com.arz.opencart.LoginPageTest" name="forgotPasswordLinkExistTest" time="0.0">
    <failure type="java.lang.NullPointerException" message="Cannot invoke &amp;quot;com.arz.opencart.pages.LoginPage.isForgotPasswordLinkExist()&amp;quot; because &amp;quot;this.loginPage&amp;quot; is null">
      <![CDATA[java.lang.NullPointerException: Cannot invoke "com.arz.opencart.pages.LoginPage.isForgotPasswordLinkExist()" because "this.loginPage" is null
at com.arz.opencart.LoginPageTest.forgotPasswordLinkExistTest(LoginPageTest.java:20)
... Removed 30 stack frames]]>
    </failure>
  </testcase> <!-- forgotPasswordLinkExistTest -->
  <testcase classname="com.arz.opencart.LoginPageTest" name="appLoginTest" time="0.0">
    <failure type="java.lang.NullPointerException" message="Cannot invoke &amp;quot;java.util.Properties.getProperty(String)&amp;quot; because &amp;quot;this.properties&amp;quot; is null">
      <![CDATA[java.lang.NullPointerException: Cannot invoke "java.util.Properties.getProperty(String)" because "this.properties" is null
at com.arz.opencart.LoginPageTest.appLoginTest(LoginPageTest.java:25)
... Removed 30 stack frames]]>
    </failure>
  </testcase> <!-- appLoginTest -->
  <testcase classname="com.arz.opencart.base.BaseTest" name="@BeforeTest setup" time="0.0">
    <ignored/>
  </testcase> <!-- @BeforeTest setup -->
  <testcase classname="com.arz.opencart.base.BaseTest" name="@BeforeTest setup" time="0.0">
    <ignored/>
  </testcase> <!-- @BeforeTest setup -->
  <testcase classname="com.arz.opencart.base.BaseTest" name="@AfterTest tearDown" time="0.0">
    <ignored/>
  </testcase> <!-- @AfterTest tearDown -->
  <testcase classname="com.arz.opencart.base.BaseTest" name="@AfterTest tearDown" time="0.0">
    <ignored/>
  </testcase> <!-- @AfterTest tearDown -->
</testsuite> <!-- Surefire test -->
