<?xml version="1.0" encoding="UTF-8"?>
<!-- Generated by org.testng.reporters.JUnitXMLReporter -->
<testsuite ignored="0" hostname="nyaaw" failures="0" tests="5" name="PwPomSeries" time="8.296" errors="0" timestamp="03 Feb 2025 15:06:07 GMT">
  <testcase classname="com.arz.ui.opencart.HomePageTest" name="homePageTitleTest" time="0.011"/>
  <testcase classname="com.arz.ui.opencart.HomePageTest" name="homePageUrlTest" time="0.0"/>
  <testcase classname="com.arz.ui.opencart.HomePageTest" name="searchTest" time="0.449"/>
  <testcase classname="com.arz.ui.opencart.HomePageTest" name="searchTest" time="0.325"/>
  <testcase classname="com.arz.ui.opencart.HomePageTest" name="searchTest" time="0.21"/>
</testsuite> <!-- PwPomSeries -->
