<?xml version="1.0" encoding="UTF-8"?>
<!-- Generated by org.testng.reporters.JUnitXMLReporter -->
<testsuite ignored="0" hostname="nyaaw" failures="0" tests="3" name="Open Cart Login Page Test" time="4.543" errors="0" timestamp="06 Feb 2025 15:37:32 GMT">
  <testcase classname="com.arz.ui.opencart.LoginPageTest" name="loginPageNavigationTest" time="0.297"/>
  <testcase classname="com.arz.ui.opencart.LoginPageTest" name="forgotPasswordLinkExistTest" time="0.196"/>
  <testcase classname="com.arz.ui.opencart.LoginPageTest" name="appLoginTest" time="0.249"/>
</testsuite> <!-- Open Cart Login Page Test -->
