<?xml version="1.0" encoding="UTF-8"?>
<!-- Generated by org.testng.reporters.JUnitXMLReporter -->
<testsuite ignored="0" hostname="nyaaw" failures="0" tests="5" name="Open Cart Home Page Test" time="5.3" errors="0" timestamp="06 Feb 2025 15:37:32 GMT">
  <testcase classname="com.arz.ui.opencart.HomePageTest" name="homePageTitleTest" time="0.008"/>
  <testcase classname="com.arz.ui.opencart.HomePageTest" name="homePageUrlTest" time="0.14"/>
  <testcase classname="com.arz.ui.opencart.HomePageTest" name="searchTest" time="0.222"/>
  <testcase classname="com.arz.ui.opencart.HomePageTest" name="searchTest" time="0.286"/>
  <testcase classname="com.arz.ui.opencart.HomePageTest" name="searchTest" time="0.17"/>
</testsuite> <!-- Open Cart Home Page Test -->
