<?xml version="1.0" encoding="UTF-8"?>
<testng-results ignored="0" total="8" passed="8" failed="0" skipped="0">
  <reporter-output>
  </reporter-output>
  <suite started-at="2025-02-06T15:37:27Z" name="Open Cart Test Regression PW Suite" finished-at="2025-02-06T15:37:32Z" duration-ms="5300">
    <groups>
    </groups>
    <test started-at="2025-02-06T15:37:27Z" name="Open Cart Login Page Test" finished-at="2025-02-06T15:37:32Z" duration-ms="4543">
      <class name="com.arz.ui.opencart.LoginPageTest">
        <test-method is-config="true" signature="setup()[pri:0, instance:com.arz.ui.opencart.LoginPageTest@2e377400]" started-at="2025-02-06T15:37:27Z" name="setup" finished-at="2025-02-06T15:37:30Z" duration-ms="3149" status="PASS">
          <reporter-output>
          </reporter-output>
        </test-method> <!-- setup -->
        <test-method signature="loginPageNavigationTest()[pri:1, instance:com.arz.ui.opencart.LoginPageTest@2e377400]" started-at="2025-02-06T15:37:30Z" name="loginPageNavigationTest" finished-at="2025-02-06T15:37:30Z" duration-ms="297" status="PASS">
          <reporter-output>
          </reporter-output>
        </test-method> <!-- loginPageNavigationTest -->
        <test-method signature="forgotPasswordLinkExistTest()[pri:2, instance:com.arz.ui.opencart.LoginPageTest@2e377400]" started-at="2025-02-06T15:37:31Z" name="forgotPasswordLinkExistTest" finished-at="2025-02-06T15:37:31Z" duration-ms="196" status="PASS">
          <reporter-output>
          </reporter-output>
        </test-method> <!-- forgotPasswordLinkExistTest -->
        <test-method signature="appLoginTest()[pri:3, instance:com.arz.ui.opencart.LoginPageTest@2e377400]" started-at="2025-02-06T15:37:31Z" name="appLoginTest" finished-at="2025-02-06T15:37:31Z" duration-ms="249" status="PASS">
          <reporter-output>
          </reporter-output>
        </test-method> <!-- appLoginTest -->
        <test-method is-config="true" signature="tearDown()[pri:0, instance:com.arz.ui.opencart.LoginPageTest@2e377400]" started-at="2025-02-06T15:37:31Z" name="tearDown" finished-at="2025-02-06T15:37:32Z" duration-ms="135" status="PASS">
          <reporter-output>
          </reporter-output>
        </test-method> <!-- tearDown -->
      </class> <!-- com.arz.ui.opencart.LoginPageTest -->
    </test> <!-- Open Cart Login Page Test -->
    <test started-at="2025-02-06T15:37:27Z" name="Open Cart Home Page Test" finished-at="2025-02-06T15:37:32Z" duration-ms="5300">
      <class name="com.arz.ui.opencart.HomePageTest">
        <test-method is-config="true" signature="setup()[pri:0, instance:com.arz.ui.opencart.HomePageTest@43c1b556]" started-at="2025-02-06T15:37:27Z" name="setup" finished-at="2025-02-06T15:37:30Z" duration-ms="3204" status="PASS">
          <reporter-output>
          </reporter-output>
        </test-method> <!-- setup -->
        <test-method signature="homePageTitleTest()[pri:0, instance:com.arz.ui.opencart.HomePageTest@43c1b556]" started-at="2025-02-06T15:37:30Z" name="homePageTitleTest" finished-at="2025-02-06T15:37:30Z" duration-ms="8" status="PASS">
          <reporter-output>
          </reporter-output>
        </test-method> <!-- homePageTitleTest -->
        <test-method signature="homePageUrlTest()[pri:0, instance:com.arz.ui.opencart.HomePageTest@43c1b556]" started-at="2025-02-06T15:37:31Z" name="homePageUrlTest" finished-at="2025-02-06T15:37:31Z" duration-ms="140" status="PASS">
          <reporter-output>
          </reporter-output>
        </test-method> <!-- homePageUrlTest -->
        <test-method signature="searchTest(java.lang.String)[pri:0, instance:com.arz.ui.opencart.HomePageTest@43c1b556]" started-at="2025-02-06T15:37:31Z" name="searchTest" data-provider="getProductData" finished-at="2025-02-06T15:37:31Z" duration-ms="222" status="PASS">
          <params>
            <param index="0">
              <value>
                <![CDATA[Macbook]]>
              </value>
            </param>
          </params>
          <reporter-output>
          </reporter-output>
        </test-method> <!-- searchTest -->
        <test-method signature="searchTest(java.lang.String)[pri:0, instance:com.arz.ui.opencart.HomePageTest@43c1b556]" started-at="2025-02-06T15:37:31Z" name="searchTest" data-provider="getProductData" finished-at="2025-02-06T15:37:32Z" duration-ms="286" status="PASS">
          <params>
            <param index="0">
              <value>
                <![CDATA[iMac]]>
              </value>
            </param>
          </params>
          <reporter-output>
          </reporter-output>
        </test-method> <!-- searchTest -->
        <test-method signature="searchTest(java.lang.String)[pri:0, instance:com.arz.ui.opencart.HomePageTest@43c1b556]" started-at="2025-02-06T15:37:32Z" name="searchTest" data-provider="getProductData" finished-at="2025-02-06T15:37:32Z" duration-ms="170" status="PASS">
          <params>
            <param index="0">
              <value>
                <![CDATA[Samsung]]>
              </value>
            </param>
          </params>
          <reporter-output>
          </reporter-output>
        </test-method> <!-- searchTest -->
        <test-method is-config="true" signature="tearDown()[pri:0, instance:com.arz.ui.opencart.HomePageTest@43c1b556]" started-at="2025-02-06T15:37:32Z" name="tearDown" finished-at="2025-02-06T15:37:32Z" duration-ms="137" status="PASS">
          <reporter-output>
          </reporter-output>
        </test-method> <!-- tearDown -->
      </class> <!-- com.arz.ui.opencart.HomePageTest -->
    </test> <!-- Open Cart Home Page Test -->
  </suite> <!-- Open Cart Test Regression PW Suite -->
</testng-results>
