<?xml version="1.0" encoding="UTF-8"?>
<!-- Generated by org.testng.reporters.JUnitReportReporter -->
<testsuite hostname="nyaaw" failures="0" tests="3" name="com.arz.ui.opencart.LoginPageTest" time="0.742" errors="0" timestamp="06 Feb 2025 15:37:32 GMT" skipped="0">
  <testcase classname="com.arz.ui.opencart.LoginPageTest" name="loginPageNavigationTest" time="0.297"/>
  <testcase classname="com.arz.ui.opencart.LoginPageTest" name="forgotPasswordLinkExistTest" time="0.196"/>
  <testcase classname="com.arz.ui.opencart.LoginPageTest" name="appLoginTest" time="0.249"/>
</testsuite> <!-- com.arz.ui.opencart.LoginPageTest -->
