<?xml version="1.0" encoding="UTF-8"?>
<!-- Generated by org.testng.reporters.JUnitReportReporter -->
<testsuite hostname="nyaaw" failures="0" tests="5" name="com.arz.ui.opencart.HomePageTest" time="0.826" errors="0" timestamp="06 Feb 2025 15:37:32 GMT" skipped="0">
  <testcase classname="com.arz.ui.opencart.HomePageTest" name="searchTest" time="0.286"/>
  <testcase classname="com.arz.ui.opencart.HomePageTest" name="homePageUrlTest" time="0.140"/>
  <testcase classname="com.arz.ui.opencart.HomePageTest" name="searchTest" time="0.222"/>
  <testcase classname="com.arz.ui.opencart.HomePageTest" name="searchTest" time="0.170"/>
  <testcase classname="com.arz.ui.opencart.HomePageTest" name="homePageTitleTest" time="0.008"/>
</testsuite> <!-- com.arz.ui.opencart.HomePageTest -->
